-------------------------------------------------------------------------------
Test set: com.shiwani.service1.Service1ApplicationTests
-------------------------------------------------------------------------------
Tests run: 1, Failures: 0, Errors: 1, Skipped: 0, Time elapsed: 7.008 s <<< FAILURE! - in com.shiwani.service1.Service1ApplicationTests
contextLoads  Time elapsed: 0.003 s  <<< ERROR!
java.lang.IllegalStateException: Failed to load ApplicationContext
Caused by: org.springframework.beans.factory.BeanCreationException: Error creating bean with name 'service1Application': Injection of autowired dependencies failed; nested exception is java.lang.IllegalArgumentException: Could not resolve placeholder 'service.instance.name' in value "${service.instance.name}"
Caused by: java.lang.IllegalArgumentException: Could not resolve placeholder 'service.instance.name' in value "${service.instance.name}"

